<?xml version="1.0" encoding="UTF-8"?>
<testng-results skipped="0" failed="0" ignored="0" total="1" passed="1">
  <reporter-output>
  </reporter-output>
  <suite name="Failed suite [Suite]" duration-ms="34118" started-at="2021-05-03T10:23:31Z" finished-at="2021-05-03T10:24:05Z">
    <groups>
    </groups>
    <test name="Test(failed)" duration-ms="34118" started-at="2021-05-03T10:23:31Z" finished-at="2021-05-03T10:24:05Z">
      <class name="HRM.Orange.PageTests.Admin.AssignLeaveTest">
        <test-method status="PASS" signature="setupMethod(java.lang.String)[pri:0, instance:HRM.Orange.PageTests.Admin.AssignLeaveTest@63753b6d]" name="setupMethod" is-config="true" duration-ms="20907" started-at="2021-05-03T10:23:31Z" finished-at="2021-05-03T10:23:52Z">
          <params>
            <param index="0">
              <value>
                <![CDATA[chrome]]>
              </value>
            </param>
          </params>
          <reporter-output>
          </reporter-output>
        </test-method> <!-- setupMethod -->
        <test-method status="PASS" signature="Assignleave(java.lang.String, java.lang.String, java.lang.String)[pri:0, instance:HRM.Orange.PageTests.Admin.AssignLeaveTest@63753b6d]" name="Assignleave" duration-ms="11348" started-at="2021-05-03T10:23:53Z" data-provider="Leave" finished-at="2021-05-03T10:24:04Z">
          <params>
            <param index="0">
              <value>
                <![CDATA[CAN - Bereavement]]>
              </value>
            </param>
            <param index="1">
              <value>
                <![CDATA[2021-Aug-15]]>
              </value>
            </param>
            <param index="2">
              <value>
                <![CDATA[Bereavement leave]]>
              </value>
            </param>
          </params>
          <reporter-output>
          </reporter-output>
        </test-method> <!-- Assignleave -->
        <test-method status="PASS" signature="tearDown()[pri:0, instance:HRM.Orange.PageTests.Admin.AssignLeaveTest@63753b6d]" name="tearDown" is-config="true" duration-ms="810" started-at="2021-05-03T10:24:04Z" finished-at="2021-05-03T10:24:05Z">
          <reporter-output>
          </reporter-output>
        </test-method> <!-- tearDown -->
      </class> <!-- HRM.Orange.PageTests.Admin.AssignLeaveTest -->
    </test> <!-- Test(failed) -->
  </suite> <!-- Failed suite [Suite] -->
</testng-results>
